C:\USERS\NUANNUAN\DOCUMENTS\VISUAL STUDIO 2012\PROJECTS\SIMULATOR-20190219\SIMULATOR\NETCONSOLE\DEBUG\NETCONSOLE.PCH
C:\USERS\NUANNUAN\DOCUMENTS\VISUAL STUDIO 2012\PROJECTS\SIMULATOR-20190219\SIMULATOR\NETCONSOLE\DEBUG\STDAFX.OBJ
C:\USERS\NUANNUAN\DOCUMENTS\VISUAL STUDIO 2012\PROJECTS\SIMULATOR-20190219\SIMULATOR\NETCONSOLE\DEBUG\VC110.PDB
C:\USERS\NUANNUAN\DOCUMENTS\VISUAL STUDIO 2012\PROJECTS\SIMULATOR-20190219\SIMULATOR\NETCONSOLE\DEBUG\NETCONSOLE.OBJ
C:\USERS\NUANNUAN\DOCUMENTS\VISUAL STUDIO 2012\PROJECTS\SIMULATOR-20190219\SIMULATOR\DEBUG\NETCONSOLE.ILK
C:\USERS\NUANNUAN\DOCUMENTS\VISUAL STUDIO 2012\PROJECTS\SIMULATOR-20190219\SIMULATOR\DEBUG\NETCONSOLE.EXE
C:\USERS\NUANNUAN\DOCUMENTS\VISUAL STUDIO 2012\PROJECTS\SIMULATOR-20190219\SIMULATOR\DEBUG\NETCONSOLE.PDB
C:\Users\nuannuan\Documents\Visual Studio 2012\Projects\Simulator-20190219\Simulator\NetConsole\Debug\NetConsole.obj
C:\Users\nuannuan\Documents\Visual Studio 2012\Projects\Simulator-20190219\Simulator\NetConsole\Debug\stdafx.obj
C:\Users\nuannuan\Documents\Visual Studio 2012\Projects\Simulator-20190219\Simulator\NetConsole\Debug\cl.command.1.tlog
C:\Users\nuannuan\Documents\Visual Studio 2012\Projects\Simulator-20190219\Simulator\NetConsole\Debug\CL.read.1.tlog
C:\Users\nuannuan\Documents\Visual Studio 2012\Projects\Simulator-20190219\Simulator\NetConsole\Debug\CL.write.1.tlog
C:\Users\nuannuan\Documents\Visual Studio 2012\Projects\Simulator-20190219\Simulator\NetConsole\Debug\link-cvtres.read.1.tlog
C:\Users\nuannuan\Documents\Visual Studio 2012\Projects\Simulator-20190219\Simulator\NetConsole\Debug\link-cvtres.write.1.tlog
C:\Users\nuannuan\Documents\Visual Studio 2012\Projects\Simulator-20190219\Simulator\NetConsole\Debug\link-rc.read.1.tlog
C:\Users\nuannuan\Documents\Visual Studio 2012\Projects\Simulator-20190219\Simulator\NetConsole\Debug\link-rc.write.1.tlog
C:\Users\nuannuan\Documents\Visual Studio 2012\Projects\Simulator-20190219\Simulator\NetConsole\Debug\link.command.1.tlog
C:\Users\nuannuan\Documents\Visual Studio 2012\Projects\Simulator-20190219\Simulator\NetConsole\Debug\link.read.1.tlog
C:\Users\nuannuan\Documents\Visual Studio 2012\Projects\Simulator-20190219\Simulator\NetConsole\Debug\link.write.1.tlog
C:\Users\nuannuan\Documents\Visual Studio 2012\Projects\Simulator-20190219\Simulator\NetConsole\Debug\NetConsole.pch
C:\Users\nuannuan\Documents\Visual Studio 2012\Projects\Simulator-20190219\Simulator\NetConsole\Debug\vc110.idb
C:\Users\nuannuan\Documents\Visual Studio 2012\Projects\Simulator-20190219\Simulator\NetConsole\Debug\vc110.pdb
C:\Users\nuannuan\Documents\Visual Studio 2012\Projects\Simulator-20190219\Simulator\Debug\NetConsole.pdb
C:\Users\nuannuan\Documents\Visual Studio 2012\Projects\Simulator-20190219\Simulator\Debug\NetConsole.exe
C:\Users\nuannuan\Documents\Visual Studio 2012\Projects\Simulator-20190219\Simulator\Debug\NetConsole.ilk
