C:\USERS\NUANNUAN\DOCUMENTS\VISUAL STUDIO 2012\PROJECTS\SIMULATOR-20190219\SIMULATOR\NETSERVER\DEBUG\NETSERVER.PCH
C:\USERS\NUANNUAN\DOCUMENTS\VISUAL STUDIO 2012\PROJECTS\SIMULATOR-20190219\SIMULATOR\NETSERVER\DEBUG\STDAFX.OBJ
C:\USERS\NUANNUAN\DOCUMENTS\VISUAL STUDIO 2012\PROJECTS\SIMULATOR-20190219\SIMULATOR\NETSERVER\DEBUG\VC110.PDB
C:\USERS\NUANNUAN\DOCUMENTS\VISUAL STUDIO 2012\PROJECTS\SIMULATOR-20190219\SIMULATOR\NETSERVER\DEBUG\NETSERVER.OBJ
C:\USERS\NUANNUAN\DOCUMENTS\VISUAL STUDIO 2012\PROJECTS\SIMULATOR-20190219\SIMULATOR\DEBUG\NETSERVER.ILK
C:\USERS\NUANNUAN\DOCUMENTS\VISUAL STUDIO 2012\PROJECTS\SIMULATOR-20190219\SIMULATOR\DEBUG\NETSERVER.EXE
C:\USERS\NUANNUAN\DOCUMENTS\VISUAL STUDIO 2012\PROJECTS\SIMULATOR-20190219\SIMULATOR\DEBUG\NETSERVER.PDB
C:\Users\nuannuan\Documents\Visual Studio 2012\Projects\Simulator-20190219\Simulator\NetServer\Debug\NetServer.obj
C:\Users\nuannuan\Documents\Visual Studio 2012\Projects\Simulator-20190219\Simulator\NetServer\Debug\stdafx.obj
C:\Users\nuannuan\Documents\Visual Studio 2012\Projects\Simulator-20190219\Simulator\NetServer\Debug\cl.command.1.tlog
C:\Users\nuannuan\Documents\Visual Studio 2012\Projects\Simulator-20190219\Simulator\NetServer\Debug\CL.read.1.tlog
C:\Users\nuannuan\Documents\Visual Studio 2012\Projects\Simulator-20190219\Simulator\NetServer\Debug\CL.write.1.tlog
C:\Users\nuannuan\Documents\Visual Studio 2012\Projects\Simulator-20190219\Simulator\NetServer\Debug\link-cvtres.read.1.tlog
C:\Users\nuannuan\Documents\Visual Studio 2012\Projects\Simulator-20190219\Simulator\NetServer\Debug\link-cvtres.write.1.tlog
C:\Users\nuannuan\Documents\Visual Studio 2012\Projects\Simulator-20190219\Simulator\NetServer\Debug\link-rc.read.1.tlog
C:\Users\nuannuan\Documents\Visual Studio 2012\Projects\Simulator-20190219\Simulator\NetServer\Debug\link-rc.write.1.tlog
C:\Users\nuannuan\Documents\Visual Studio 2012\Projects\Simulator-20190219\Simulator\NetServer\Debug\link.command.1.tlog
C:\Users\nuannuan\Documents\Visual Studio 2012\Projects\Simulator-20190219\Simulator\NetServer\Debug\link.read.1.tlog
C:\Users\nuannuan\Documents\Visual Studio 2012\Projects\Simulator-20190219\Simulator\NetServer\Debug\link.write.1.tlog
C:\Users\nuannuan\Documents\Visual Studio 2012\Projects\Simulator-20190219\Simulator\NetServer\Debug\NetServer.pch
C:\Users\nuannuan\Documents\Visual Studio 2012\Projects\Simulator-20190219\Simulator\NetServer\Debug\vc110.idb
C:\Users\nuannuan\Documents\Visual Studio 2012\Projects\Simulator-20190219\Simulator\NetServer\Debug\vc110.pdb
C:\Users\nuannuan\Documents\Visual Studio 2012\Projects\Simulator-20190219\Simulator\Debug\NetServer.pdb
C:\Users\nuannuan\Documents\Visual Studio 2012\Projects\Simulator-20190219\Simulator\Debug\NetServer.exe
C:\Users\nuannuan\Documents\Visual Studio 2012\Projects\Simulator-20190219\Simulator\Debug\NetServer.ilk
