C:\USERS\NUANNUAN\DOCUMENTS\VISUAL STUDIO 2012\PROJECTS\SIMULATOR\SIMULATOR\RELEASE\SIMULATOR.PCH
C:\USERS\NUANNUAN\DOCUMENTS\VISUAL STUDIO 2012\PROJECTS\SIMULATOR\SIMULATOR\RELEASE\STDAFX.OBJ
C:\USERS\NUANNUAN\DOCUMENTS\VISUAL STUDIO 2012\PROJECTS\SIMULATOR\SIMULATOR\RELEASE\VC110.PDB
C:\USERS\NUANNUAN\DOCUMENTS\VISUAL STUDIO 2012\PROJECTS\SIMULATOR\SIMULATOR\RELEASE\WEAPON_WAVE.OBJ
C:\USERS\NUANNUAN\DOCUMENTS\VISUAL STUDIO 2012\PROJECTS\SIMULATOR\SIMULATOR\RELEASE\WAVE.OBJ
C:\USERS\NUANNUAN\DOCUMENTS\VISUAL STUDIO 2012\PROJECTS\SIMULATOR\SIMULATOR\RELEASE\SQUAD_WAVE.OBJ
C:\USERS\NUANNUAN\DOCUMENTS\VISUAL STUDIO 2012\PROJECTS\SIMULATOR\SIMULATOR\RELEASE\SIMULATORDLG.OBJ
C:\USERS\NUANNUAN\DOCUMENTS\VISUAL STUDIO 2012\PROJECTS\SIMULATOR\SIMULATOR\RELEASE\SIMULATOR.OBJ
C:\USERS\NUANNUAN\DOCUMENTS\VISUAL STUDIO 2012\PROJECTS\SIMULATOR\SIMULATOR\RELEASE\ZIMO.OBJ
C:\USERS\NUANNUAN\DOCUMENTS\VISUAL STUDIO 2012\PROJECTS\SIMULATOR\SIMULATOR\RELEASE\WINDOW.OBJ
C:\USERS\NUANNUAN\DOCUMENTS\VISUAL STUDIO 2012\PROJECTS\SIMULATOR\SIMULATOR\RELEASE\TITLEBAR.OBJ
C:\USERS\NUANNUAN\DOCUMENTS\VISUAL STUDIO 2012\PROJECTS\SIMULATOR\SIMULATOR\RELEASE\PROCESS.OBJ
C:\USERS\NUANNUAN\DOCUMENTS\VISUAL STUDIO 2012\PROJECTS\SIMULATOR\SIMULATOR\RELEASE\OPTIONBAR.OBJ
C:\USERS\NUANNUAN\DOCUMENTS\VISUAL STUDIO 2012\PROJECTS\SIMULATOR\SIMULATOR\RELEASE\DISPLAY.OBJ
C:\USERS\NUANNUAN\DOCUMENTS\VISUAL STUDIO 2012\PROJECTS\SIMULATOR\SIMULATOR\RELEASE\CHANNEL.OBJ
C:\USERS\NUANNUAN\DOCUMENTS\VISUAL STUDIO 2012\PROJECTS\SIMULATOR\RELEASE\SIMULATOR.EXE
C:\USERS\NUANNUAN\DOCUMENTS\VISUAL STUDIO 2012\PROJECTS\SIMULATOR\RELEASE\SIMULATOR.PDB
C:\USERS\NUANNUAN\DOCUMENTS\VISUAL STUDIO 2012\PROJECTS\SIMULATOR\SIMULATOR\RELEASE\SIMULATOR.RES
C:\Users\nuannuan\Documents\Visual Studio 2012\Projects\Simulator\Simulator\Release\channel.obj
C:\Users\nuannuan\Documents\Visual Studio 2012\Projects\Simulator\Simulator\Release\display.obj
C:\Users\nuannuan\Documents\Visual Studio 2012\Projects\Simulator\Simulator\Release\optionbar.obj
C:\Users\nuannuan\Documents\Visual Studio 2012\Projects\Simulator\Simulator\Release\process.obj
C:\Users\nuannuan\Documents\Visual Studio 2012\Projects\Simulator\Simulator\Release\Simulator.obj
C:\Users\nuannuan\Documents\Visual Studio 2012\Projects\Simulator\Simulator\Release\SimulatorDlg.obj
C:\Users\nuannuan\Documents\Visual Studio 2012\Projects\Simulator\Simulator\Release\squad_wave.obj
C:\Users\nuannuan\Documents\Visual Studio 2012\Projects\Simulator\Simulator\Release\stdafx.obj
C:\Users\nuannuan\Documents\Visual Studio 2012\Projects\Simulator\Simulator\Release\titlebar.obj
C:\Users\nuannuan\Documents\Visual Studio 2012\Projects\Simulator\Simulator\Release\wave.obj
C:\Users\nuannuan\Documents\Visual Studio 2012\Projects\Simulator\Simulator\Release\weapon_wave.obj
C:\Users\nuannuan\Documents\Visual Studio 2012\Projects\Simulator\Simulator\Release\window.obj
C:\Users\nuannuan\Documents\Visual Studio 2012\Projects\Simulator\Simulator\Release\zimo.obj
C:\Users\nuannuan\Documents\Visual Studio 2012\Projects\Simulator\Simulator\Release\cl.command.1.tlog
C:\Users\nuannuan\Documents\Visual Studio 2012\Projects\Simulator\Simulator\Release\CL.read.1.tlog
C:\Users\nuannuan\Documents\Visual Studio 2012\Projects\Simulator\Simulator\Release\CL.write.1.tlog
C:\Users\nuannuan\Documents\Visual Studio 2012\Projects\Simulator\Simulator\Release\link-cvtres.read.1.tlog
C:\Users\nuannuan\Documents\Visual Studio 2012\Projects\Simulator\Simulator\Release\link-cvtres.write.1.tlog
C:\Users\nuannuan\Documents\Visual Studio 2012\Projects\Simulator\Simulator\Release\link-mt.read.1.tlog
C:\Users\nuannuan\Documents\Visual Studio 2012\Projects\Simulator\Simulator\Release\link-mt.write.1.tlog
C:\Users\nuannuan\Documents\Visual Studio 2012\Projects\Simulator\Simulator\Release\link-rc.read.1.tlog
C:\Users\nuannuan\Documents\Visual Studio 2012\Projects\Simulator\Simulator\Release\link-rc.write.1.tlog
C:\Users\nuannuan\Documents\Visual Studio 2012\Projects\Simulator\Simulator\Release\link.command.1.tlog
C:\Users\nuannuan\Documents\Visual Studio 2012\Projects\Simulator\Simulator\Release\link.read.1.tlog
C:\Users\nuannuan\Documents\Visual Studio 2012\Projects\Simulator\Simulator\Release\link.write.1.tlog
C:\Users\nuannuan\Documents\Visual Studio 2012\Projects\Simulator\Simulator\Release\rc.command.1.tlog
C:\Users\nuannuan\Documents\Visual Studio 2012\Projects\Simulator\Simulator\Release\rc.read.1.tlog
C:\Users\nuannuan\Documents\Visual Studio 2012\Projects\Simulator\Simulator\Release\rc.write.1.tlog
C:\Users\nuannuan\Documents\Visual Studio 2012\Projects\Simulator\Simulator\Release\Simulator.res
C:\Users\nuannuan\Documents\Visual Studio 2012\Projects\Simulator\Simulator\Release\Simulator.pch
C:\Users\nuannuan\Documents\Visual Studio 2012\Projects\Simulator\Simulator\Release\vc110.pdb
C:\Users\nuannuan\Documents\Visual Studio 2012\Projects\Simulator\Release\Simulator.pdb
C:\Users\nuannuan\Documents\Visual Studio 2012\Projects\Simulator\Release\Simulator.exe
