生成启动时间为 2019/9/6 10:53:35。
     1>项目“C:\Users\nuannuan\Documents\Visual Studio 2012\Projects\Simulator-20190219\Simulator\Simulator\Simulator.vcxproj”在节点 2 上(Build 个目标)。
     1>ClCompile:
         C:\Program Files (x86)\Microsoft Visual Studio 11.0\VC\bin\CL.exe /c /ZI /nologo /W3 /WX- /sdl /Od /Oy- /D WIN32 /D _WINDOWS /D _DEBUG /D _MBCS /Gm /EHsc /RTC1 /MTd /GS /fp:precise /Zc:wchar_t /Zc:forScope /Yu"stdafx.h" /Fp"Debug\Simulator.pch" /Fo"Debug\\" /Fd"Debug\vc110.pdb" /Gd /TP /analyze- /errorReport:prompt RadioStation.cpp Simulator.cpp SimulatorDlg.cpp action\call.cpp action\protocol.cpp action\selfcheck.cpp action\sock.cpp action\waveload.cpp action\wavesetting.cpp control\channel.cpp control\input.cpp control\optionbar.cpp control\paraminput.cpp control\paramset.cpp control\process.cpp control\select.cpp control\titlebar.cpp control\tooltip.cpp control\waveselect.cpp control\window.cpp mmi\display.cpp mmi\zimo.cpp wave\wave.cpp
         RadioStation.cpp
         正在生成代码...
         正在编译...
         wave.cpp
         zimo.cpp
         display.cpp
         window.cpp
     1>c:\users\nuannuan\documents\visual studio 2012\projects\simulator-20190219\simulator\simulator\control\window.cpp(123): warning C4018: “<”: 有符号/无符号不匹配
         waveselect.cpp
     1>c:\users\nuannuan\documents\visual studio 2012\projects\simulator-20190219\simulator\simulator\control\waveselect.cpp(105): warning C4101: “buff”: 未引用的局部变量
         tooltip.cpp
         titlebar.cpp
         select.cpp
     1>c:\users\nuannuan\documents\visual studio 2012\projects\simulator-20190219\simulator\simulator\control\select.cpp(66): warning C4805: “==”: 在操作中将类型“int”与类型“bool”混合不安全
         process.cpp
         paramset.cpp
         paraminput.cpp
         optionbar.cpp
         input.cpp
         channel.cpp
         wavesetting.cpp
     1>c:\users\nuannuan\documents\visual studio 2012\projects\simulator-20190219\simulator\simulator\action\wavesetting.cpp(240): warning C4805: “==”: 在操作中将类型“int”与类型“bool”混合不安全
     1>c:\users\nuannuan\documents\visual studio 2012\projects\simulator-20190219\simulator\simulator\action\wavesetting.cpp(340): warning C4805: “==”: 在操作中将类型“int”与类型“bool”混合不安全
         waveload.cpp
         sock.cpp
         selfcheck.cpp
     1>c:\users\nuannuan\documents\visual studio 2012\projects\simulator-20190219\simulator\simulator\action\selfcheck.cpp(108): warning C4805: “==”: 在操作中将类型“int”与类型“bool”混合不安全
     1>c:\users\nuannuan\documents\visual studio 2012\projects\simulator-20190219\simulator\simulator\action\selfcheck.cpp(111): warning C4805: “==”: 在操作中将类型“int”与类型“bool”混合不安全
     1>c:\users\nuannuan\documents\visual studio 2012\projects\simulator-20190219\simulator\simulator\action\selfcheck.cpp(114): warning C4805: “==”: 在操作中将类型“int”与类型“bool”混合不安全
     1>c:\users\nuannuan\documents\visual studio 2012\projects\simulator-20190219\simulator\simulator\action\selfcheck.cpp(117): warning C4805: “==”: 在操作中将类型“int”与类型“bool”混合不安全
     1>c:\users\nuannuan\documents\visual studio 2012\projects\simulator-20190219\simulator\simulator\action\selfcheck.cpp(120): warning C4805: “==”: 在操作中将类型“int”与类型“bool”混合不安全
     1>c:\users\nuannuan\documents\visual studio 2012\projects\simulator-20190219\simulator\simulator\action\selfcheck.cpp(123): warning C4805: “==”: 在操作中将类型“int”与类型“bool”混合不安全
         protocol.cpp
         call.cpp
     1>c:\users\nuannuan\documents\visual studio 2012\projects\simulator-20190219\simulator\simulator\action\call.cpp(42): warning C4805: “==”: 在操作中将类型“int”与类型“bool”混合不安全
         正在生成代码...
         正在编译...
         SimulatorDlg.cpp
         Simulator.cpp
         正在生成代码...
       Link:
         C:\Program Files (x86)\Microsoft Visual Studio 11.0\VC\bin\link.exe /ERRORREPORT:PROMPT /OUT:"C:\Users\nuannuan\Documents\Visual Studio 2012\Projects\Simulator-20190219\Simulator\Debug\Simulator.exe" /INCREMENTAL /NOLOGO /MANIFEST /MANIFESTUAC:"level='asInvoker' uiAccess='false'" /manifest:embed /manifestinput:"C:\Program Files (x86)\Microsoft Visual Studio 11.0\VC\Include\Manifest\dpiaware.manifest" /DEBUG /PDB:"C:\Users\nuannuan\Documents\Visual Studio 2012\Projects\Simulator-20190219\Simulator\Debug\Simulator.pdb" /SUBSYSTEM:WINDOWS /TLBID:1 /DYNAMICBASE /NXCOMPAT /IMPLIB:"C:\Users\nuannuan\Documents\Visual Studio 2012\Projects\Simulator-20190219\Simulator\Debug\Simulator.lib" /MACHINE:X86 Debug\Simulator.res
         Debug\call.obj
         Debug\protocol.obj
         Debug\selfcheck.obj
         Debug\sock.obj
         Debug\waveload.obj
         Debug\wavesetting.obj
         Debug\channel.obj
         Debug\input.obj
         Debug\optionbar.obj
         Debug\paraminput.obj
         Debug\paramset.obj
         Debug\process.obj
         Debug\select.obj
         Debug\titlebar.obj
         Debug\tooltip.obj
         Debug\waveselect.obj
         Debug\window.obj
         Debug\display.obj
         Debug\zimo.obj
         Debug\RadioStation.obj
         Debug\Simulator.obj
         Debug\SimulatorDlg.obj
         Debug\stdafx.obj
         Debug\wave.obj
         Simulator.vcxproj -> C:\Users\nuannuan\Documents\Visual Studio 2012\Projects\Simulator-20190219\Simulator\Debug\Simulator.exe
     1>已完成生成项目“C:\Users\nuannuan\Documents\Visual Studio 2012\Projects\Simulator-20190219\Simulator\Simulator\Simulator.vcxproj”(Build 个目标)的操作。

生成成功。

已用时间 00:00:06.00
