C:\USERS\NUANNUAN\DOCUMENTS\VISUAL STUDIO 2012\PROJECTS\SIMULATOR-20190219\SIMULATOR\SIMULATOR\DEBUG\SIMULATOR.PCH
C:\USERS\NUANNUAN\DOCUMENTS\VISUAL STUDIO 2012\PROJECTS\SIMULATOR-20190219\SIMULATOR\SIMULATOR\DEBUG\STDAFX.OBJ
C:\USERS\NUANNUAN\DOCUMENTS\VISUAL STUDIO 2012\PROJECTS\SIMULATOR-20190219\SIMULATOR\SIMULATOR\DEBUG\VC110.PDB
C:\USERS\NUANNUAN\DOCUMENTS\VISUAL STUDIO 2012\PROJECTS\SIMULATOR-20190219\SIMULATOR\SIMULATOR\DEBUG\SOCK.OBJ
C:\USERS\NUANNUAN\DOCUMENTS\VISUAL STUDIO 2012\PROJECTS\SIMULATOR-20190219\SIMULATOR\SIMULATOR\DEBUG\CHANNEL.OBJ
C:\USERS\NUANNUAN\DOCUMENTS\VISUAL STUDIO 2012\PROJECTS\SIMULATOR-20190219\SIMULATOR\SIMULATOR\DEBUG\INPUT.OBJ
C:\USERS\NUANNUAN\DOCUMENTS\VISUAL STUDIO 2012\PROJECTS\SIMULATOR-20190219\SIMULATOR\SIMULATOR\DEBUG\OPTIONBAR.OBJ
C:\USERS\NUANNUAN\DOCUMENTS\VISUAL STUDIO 2012\PROJECTS\SIMULATOR-20190219\SIMULATOR\SIMULATOR\DEBUG\PARAMINPUT.OBJ
C:\USERS\NUANNUAN\DOCUMENTS\VISUAL STUDIO 2012\PROJECTS\SIMULATOR-20190219\SIMULATOR\SIMULATOR\DEBUG\PARAMSET.OBJ
C:\USERS\NUANNUAN\DOCUMENTS\VISUAL STUDIO 2012\PROJECTS\SIMULATOR-20190219\SIMULATOR\SIMULATOR\DEBUG\PROCESS.OBJ
C:\USERS\NUANNUAN\DOCUMENTS\VISUAL STUDIO 2012\PROJECTS\SIMULATOR-20190219\SIMULATOR\SIMULATOR\DEBUG\SELECT.OBJ
C:\USERS\NUANNUAN\DOCUMENTS\VISUAL STUDIO 2012\PROJECTS\SIMULATOR-20190219\SIMULATOR\SIMULATOR\DEBUG\TITLEBAR.OBJ
C:\USERS\NUANNUAN\DOCUMENTS\VISUAL STUDIO 2012\PROJECTS\SIMULATOR-20190219\SIMULATOR\SIMULATOR\DEBUG\TOOLTIP.OBJ
C:\USERS\NUANNUAN\DOCUMENTS\VISUAL STUDIO 2012\PROJECTS\SIMULATOR-20190219\SIMULATOR\SIMULATOR\DEBUG\WAVESELECT.OBJ
C:\USERS\NUANNUAN\DOCUMENTS\VISUAL STUDIO 2012\PROJECTS\SIMULATOR-20190219\SIMULATOR\SIMULATOR\DEBUG\DISPLAY.OBJ
C:\USERS\NUANNUAN\DOCUMENTS\VISUAL STUDIO 2012\PROJECTS\SIMULATOR-20190219\SIMULATOR\SIMULATOR\DEBUG\ZIMO.OBJ
C:\USERS\NUANNUAN\DOCUMENTS\VISUAL STUDIO 2012\PROJECTS\SIMULATOR-20190219\SIMULATOR\SIMULATOR\DEBUG\WAVE.OBJ
C:\USERS\NUANNUAN\DOCUMENTS\VISUAL STUDIO 2012\PROJECTS\SIMULATOR-20190219\SIMULATOR\SIMULATOR\DEBUG\PROTOCOL.OBJ
C:\Users\nuannuan\Documents\Visual Studio 2012\Projects\Simulator-20190219\Simulator\Simulator\Debug\channel.obj
C:\Users\nuannuan\Documents\Visual Studio 2012\Projects\Simulator-20190219\Simulator\Simulator\Debug\display.obj
C:\Users\nuannuan\Documents\Visual Studio 2012\Projects\Simulator-20190219\Simulator\Simulator\Debug\input.obj
C:\Users\nuannuan\Documents\Visual Studio 2012\Projects\Simulator-20190219\Simulator\Simulator\Debug\optionbar.obj
C:\Users\nuannuan\Documents\Visual Studio 2012\Projects\Simulator-20190219\Simulator\Simulator\Debug\paraminput.obj
C:\Users\nuannuan\Documents\Visual Studio 2012\Projects\Simulator-20190219\Simulator\Simulator\Debug\paramset.obj
C:\Users\nuannuan\Documents\Visual Studio 2012\Projects\Simulator-20190219\Simulator\Simulator\Debug\process.obj
C:\Users\nuannuan\Documents\Visual Studio 2012\Projects\Simulator-20190219\Simulator\Simulator\Debug\protocol.obj
C:\Users\nuannuan\Documents\Visual Studio 2012\Projects\Simulator-20190219\Simulator\Simulator\Debug\select.obj
C:\Users\nuannuan\Documents\Visual Studio 2012\Projects\Simulator-20190219\Simulator\Simulator\Debug\sock.obj
C:\Users\nuannuan\Documents\Visual Studio 2012\Projects\Simulator-20190219\Simulator\Simulator\Debug\stdafx.obj
C:\Users\nuannuan\Documents\Visual Studio 2012\Projects\Simulator-20190219\Simulator\Simulator\Debug\titlebar.obj
C:\Users\nuannuan\Documents\Visual Studio 2012\Projects\Simulator-20190219\Simulator\Simulator\Debug\tooltip.obj
C:\Users\nuannuan\Documents\Visual Studio 2012\Projects\Simulator-20190219\Simulator\Simulator\Debug\wave.obj
C:\Users\nuannuan\Documents\Visual Studio 2012\Projects\Simulator-20190219\Simulator\Simulator\Debug\waveselect.obj
C:\Users\nuannuan\Documents\Visual Studio 2012\Projects\Simulator-20190219\Simulator\Simulator\Debug\zimo.obj
C:\Users\nuannuan\Documents\Visual Studio 2012\Projects\Simulator-20190219\Simulator\Simulator\Debug\cl.command.1.tlog
C:\Users\nuannuan\Documents\Visual Studio 2012\Projects\Simulator-20190219\Simulator\Simulator\Debug\CL.read.1.tlog
C:\Users\nuannuan\Documents\Visual Studio 2012\Projects\Simulator-20190219\Simulator\Simulator\Debug\CL.write.1.tlog
C:\Users\nuannuan\Documents\Visual Studio 2012\Projects\Simulator-20190219\Simulator\Simulator\Debug\Simulator.pch
C:\Users\nuannuan\Documents\Visual Studio 2012\Projects\Simulator-20190219\Simulator\Simulator\Debug\vc110.idb
C:\Users\nuannuan\Documents\Visual Studio 2012\Projects\Simulator-20190219\Simulator\Simulator\Debug\vc110.pdb
